%!Adobe-FontList 1.20
%Locale:0x409

%BeginFont
Handler:DirectoryHandler
FontType:Invalid
OutlineFileName:/Users/Tenna/Dropbox/TENZION/ TENZION Design & branding/Website/TENZION-weblay Folder/Document fonts/AdobeFnt21.lst
FileLength:2237
FileModTime:605800171
%EndFont

%BeginFont
Handler:DirectoryHandler
FontType:TrueType
FontName:Jinky
FamilyName:Jinky
StyleName:Regular
MenuName:Jinky
StyleBits:0
WeightClass:400
WidthClass:5
AngleClass:0
FullName:Jinky
WritingScript:Roman
OutlineFileName:/Users/Tenna/Dropbox/TENZION/ TENZION Design & branding/Website/TENZION-weblay Folder/Document fonts/JINKY.ttf
DataFormat:sfntData
hasSVG:no
VariableFontType:NonVariableFont
FileLength:180272
FileModTime:392040324
NameArray:0,Mac,4,Jinky
NameArray:0,Win,1,Jinky
%EndFont

%BeginFont
Handler:DirectoryHandler
FontType:TrueType
FontName:Ubuntu-Bold
FamilyName:Ubuntu
StyleName:Bold
MenuName:Ubuntu
StyleBits:2
WeightClass:700
WidthClass:5
AngleClass:0
FullName:Ubuntu Bold
WritingScript:Roman
OutlineFileName:/Users/Tenna/Dropbox/TENZION/ TENZION Design & branding/Website/TENZION-weblay Folder/Document fonts/Ubuntu-B.ttf
DataFormat:sfntData
hasSVG:no
VariableFontType:NonVariableFont
FileLength:333616
FileModTime:392041090
NameArray:0,Mac,4,Ubuntu Bold
NameArray:0,Win,1,Ubuntu
%EndFont

%BeginFont
Handler:DirectoryHandler
FontType:TrueType
FontName:Ubuntu-Light
FamilyName:Ubuntu
StyleName:Light
MenuName:Ubuntu Light
StyleBits:0
WeightClass:300
WidthClass:5
AngleClass:0
FullName:Ubuntu Light
WritingScript:Roman
OutlineFileName:/Users/Tenna/Dropbox/TENZION/ TENZION Design & branding/Website/TENZION-weblay Folder/Document fonts/Ubuntu-L.ttf
DataFormat:sfntData
hasSVG:no
VariableFontType:NonVariableFont
FileLength:415552
FileModTime:392041092
NameArray:0,Mac,18,Ubuntu Light
NameArray:0,Mac,4,Ubuntu Light
NameArray:0,Win,1,Ubuntu Light
NameArray:0,Win,16,Ubuntu
%EndFont

%BeginFont
Handler:DirectoryHandler
FontType:TrueType
FontName:Ubuntu-Medium
FamilyName:Ubuntu
StyleName:Medium
MenuName:Ubuntu Light
StyleBits:2
WeightClass:500
WidthClass:5
AngleClass:0
FullName:Ubuntu Medium
WritingScript:Roman
OutlineFileName:/Users/Tenna/Dropbox/TENZION/ TENZION Design & branding/Website/TENZION-weblay Folder/Document fonts/Ubuntu-M.ttf
DataFormat:sfntData
hasSVG:no
VariableFontType:NonVariableFont
FileLength:341324
FileModTime:392041096
NameArray:0,Mac,18,Ubuntu Medium
NameArray:0,Mac,4,Ubuntu Medium
NameArray:0,Win,1,Ubuntu Light
NameArray:0,Win,16,Ubuntu
%EndFont

